0 verbose cli /usr/local/bin/node /usr/local/bin/npm
1 info using npm@10.8.2
2 info using node@v20.18.0
3 silly config load:file:/usr/local/lib/node_modules/npm/npmrc
4 silly config load:file:/data/.npmrc
5 silly config load:file:/usr/src/node-red/.npmrc
6 silly config load:file:/usr/local/etc/npmrc
7 verbose title npm install node-red-contrib-pythonshell@1.5.4
8 verbose argv "install" "--no-audit" "--no-update-notifier" "--no-fund" "--save" "--save-prefix" "~" "--omit" "dev" "--engine-strict" "node-red-contrib-pythonshell@1.5.4"
9 verbose logfile logs-max:10 dir:/data/.npm/_logs/2024-12-11T00_23_30_134Z-
10 verbose logfile /data/.npm/_logs/2024-12-11T00_23_30_134Z-debug-0.log
11 silly packumentCache heap:2197815296 maxSize:549453824 maxEntrySize:274726912
12 silly logfile done cleaning log files
13 silly idealTree buildDeps
14 silly fetch manifest node-red-contrib-pythonshell@1.5.4
15 silly packumentCache full:https://registry.npmjs.org/node-red-contrib-pythonshell cache-miss
16 http fetch GET 200 https://registry.npmjs.org/node-red-contrib-pythonshell 775ms (cache miss)
17 silly packumentCache full:https://registry.npmjs.org/node-red-contrib-pythonshell set size:undefined disposed:false
18 silly placeDep ROOT node-red-contrib-pythonshell@1.5.4 OK for: node-red-project@0.0.1 want: 1.5.4
19 silly reify moves {}
20 silly tarball no local data for node-red-contrib-pythonshell@https://registry.npmjs.org/node-red-contrib-pythonshell/-/node-red-contrib-pythonshell-1.5.4.tgz. Extracting by manifest.
21 http fetch GET 200 https://registry.npmjs.org/node-red-contrib-pythonshell/-/node-red-contrib-pythonshell-1.5.4.tgz 149ms (cache miss)
22 silly ADD node_modules/node-red-contrib-pythonshell
23 verbose cwd /data
24 verbose os Linux 6.8.0-49-generic
25 verbose node v20.18.0
26 verbose npm  v10.8.2
27 verbose exit 0
28 info ok
